<?xml version="1.0" encoding="UTF-8"?>
<testng-results ignored="0" total="6" passed="6" failed="0" skipped="0">
  <reporter-output>
  </reporter-output>
  <suite started-at="2022-10-14T00:42:04 IST" name="Default suite" finished-at="2022-10-14T00:42:45 IST" duration-ms="40438">
    <groups>
    </groups>
    <test started-at="2022-10-14T00:42:04 IST" name="Default test" finished-at="2022-10-14T00:42:45 IST" duration-ms="40438">
      <class name="com.capstone.AadharCitizen">
        <test-method signature="ChromeBrowser()[pri:0, instance:com.capstone.AadharCitizen@581ac8a8]" started-at="2022-10-14T00:42:04 IST" name="ChromeBrowser" finished-at="2022-10-14T00:42:07 IST" duration-ms="2363" status="PASS">
          <reporter-output>
          </reporter-output>
        </test-method> <!-- ChromeBrowser -->
        <test-method signature="CitizenCheck()[pri:0, instance:com.capstone.AadharCitizen@581ac8a8]" started-at="2022-10-14T00:42:07 IST" name="CitizenCheck" finished-at="2022-10-14T00:42:18 IST" duration-ms="11091" status="PASS">
          <reporter-output>
          </reporter-output>
        </test-method> <!-- CitizenCheck -->
      </class> <!-- com.capstone.AadharCitizen -->
      <class name="com.capstone.AadharAdmin">
        <test-method signature="ChromeBrowser()[pri:0, instance:com.capstone.AadharAdmin@4229bb3f]" started-at="2022-10-14T00:42:18 IST" name="ChromeBrowser" finished-at="2022-10-14T00:42:19 IST" duration-ms="1280" status="PASS">
          <reporter-output>
          </reporter-output>
        </test-method> <!-- ChromeBrowser -->
        <test-method signature="TestHome()[pri:0, instance:com.capstone.AadharAdmin@4229bb3f]" started-at="2022-10-14T00:42:19 IST" name="TestHome" finished-at="2022-10-14T00:42:34 IST" duration-ms="14496" status="PASS">
          <reporter-output>
          </reporter-output>
        </test-method> <!-- TestHome -->
      </class> <!-- com.capstone.AadharAdmin -->
      <class name="com.capstone.AadharRegister">
        <test-method signature="ChromeBrowser()[pri:0, instance:com.capstone.AadharRegister@56cdfb3b]" started-at="2022-10-14T00:42:34 IST" name="ChromeBrowser" finished-at="2022-10-14T00:42:35 IST" duration-ms="1719" status="PASS">
          <reporter-output>
          </reporter-output>
        </test-method> <!-- ChromeBrowser -->
        <test-method signature="TestHome()[pri:0, instance:com.capstone.AadharRegister@56cdfb3b]" started-at="2022-10-14T00:42:35 IST" name="TestHome" finished-at="2022-10-14T00:42:45 IST" duration-ms="9394" status="PASS">
          <reporter-output>
          </reporter-output>
        </test-method> <!-- TestHome -->
      </class> <!-- com.capstone.AadharRegister -->
    </test> <!-- Default test -->
  </suite> <!-- Default suite -->
</testng-results>
