<?xml version="1.0" encoding="UTF-8"?>
<!-- Generated by org.testng.reporters.JUnitXMLReporter -->
<testsuite ignored="0" hostname="DESKTOP-FVSLPKP" failures="0" tests="6" name="Default test" time="40.438" errors="0" timestamp="2022-10-14T00:42:45 IST">
  <testcase classname="com.capstone.AadharCitizen" name="ChromeBrowser" time="2.363"/>
  <testcase classname="com.capstone.AadharCitizen" name="CitizenCheck" time="11.091"/>
  <testcase classname="com.capstone.AadharAdmin" name="ChromeBrowser" time="1.28"/>
  <testcase classname="com.capstone.AadharAdmin" name="TestHome" time="14.496"/>
  <testcase classname="com.capstone.AadharRegister" name="ChromeBrowser" time="1.719"/>
  <testcase classname="com.capstone.AadharRegister" name="TestHome" time="9.394"/>
</testsuite> <!-- Default test -->
